# JRE version: Java(TM) SE Runtime Environment (8.0_73-b02) (build 1.8.0_73-b02)
# Java VM: Java HotSpot(TM) 64-Bit Server VM (25.73-b02 mixed mode windows-amd64 compressed oops)
Heap:
 PSYoungGen      total 160256K, used 88262K [0x00000000d5f80000, 0x00000000e3100000, 0x0000000100000000)
  eden space 146944K, 51% used [0x00000000d5f80000,0x00000000da8b80a0,0x00000000def00000)
  from space 13312K, 99% used [0x00000000def00000,0x00000000dfbf99c0,0x00000000dfc00000)
  to   space 15872K, 0% used [0x00000000e2180000,0x00000000e2180000,0x00000000e3100000)
 ParOldGen       total 102912K, used 21647K [0x0000000081e00000, 0x0000000088280000, 0x00000000d5f80000)
  object space 102912K, 21% used [0x0000000081e00000,0x0000000083323e80,0x0000000088280000)
 Metaspace       used 49236K, capacity 49762K, committed 50088K, reserved 1093632K
  class space    used 6131K, capacity 6262K, committed 6312K, reserved 1048576K
GC Heap History (10 events):
Event: 2.638 GC heap before
{Heap before GC invocations=7 (full 1):
 PSYoungGen      total 71680K, used 66560K [0x00000000d5f80000, 0x00000000dfa80000, 0x0000000100000000)
  eden space 66560K, 100% used [0x00000000d5f80000,0x00000000da080000,0x00000000da080000)
  from space 5120K, 0% used [0x00000000da080000,0x00000000da080000,0x00000000da580000)
  to   space 12800K, 0% used [0x00000000dee00000,0x00000000dee00000,0x00000000dfa80000)
 ParOldGen       total 71168K, used 14310K [0x0000000081e00000, 0x0000000086380000, 0x00000000d5f80000)
  object space 71168K, 20% used [0x0000000081e00000,0x0000000082bf9b48,0x0000000086380000)
 Metaspace       used 24917K, capacity 25102K, committed 25216K, reserved 1071104K
  class space    used 3104K, capacity 3138K, committed 3200K, reserved 1048576K
Event: 2.645 GC heap after
Heap after GC invocations=7 (full 1):
 PSYoungGen      total 105472K, used 6119K [0x00000000d5f80000, 0x00000000df400000, 0x0000000100000000)
  eden space 99328K, 0% used [0x00000000d5f80000,0x00000000d5f80000,0x00000000dc080000)
  from space 6144K, 99% used [0x00000000dee00000,0x00000000df3f9f90,0x00000000df400000)
  to   space 12800K, 0% used [0x00000000ddb00000,0x00000000ddb00000,0x00000000de780000)
 ParOldGen       total 71168K, used 14318K [0x0000000081e00000, 0x0000000086380000, 0x00000000d5f80000)
  object space 71168K, 20% used [0x0000000081e00000,0x0000000082bfbb48,0x0000000086380000)
 Metaspace       used 24917K, capacity 25102K, committed 25216K, reserved 1071104K
  class space    used 3104K, capacity 3138K, committed 3200K, reserved 1048576K
}
Event: 3.517 GC heap before
{Heap before GC invocations=8 (full 1):
 PSYoungGen      total 105472K, used 105447K [0x00000000d5f80000, 0x00000000df400000, 0x0000000100000000)
  eden space 99328K, 100% used [0x00000000d5f80000,0x00000000dc080000,0x00000000dc080000)
  from space 6144K, 99% used [0x00000000dee00000,0x00000000df3f9f90,0x00000000df400000)
  to   space 12800K, 0% used [0x00000000ddb00000,0x00000000ddb00000,0x00000000de780000)
 ParOldGen       total 71168K, used 14318K [0x0000000081e00000, 0x0000000086380000, 0x00000000d5f80000)
  object space 71168K, 20% used [0x0000000081e00000,0x0000000082bfbb48,0x0000000086380000)
 Metaspace       used 30036K, capacity 30272K, committed 30464K, reserved 1075200K
  class space    used 3760K, capacity 3813K, committed 3840K, reserved 1048576K
Event: 3.533 GC heap after
Heap after GC invocations=8 (full 1):
 PSYoungGen      total 139264K, used 9608K [0x00000000d5f80000, 0x00000000e0880000, 0x0000000100000000)
  eden space 126464K, 0% used [0x00000000d5f80000,0x00000000d5f80000,0x00000000ddb00000)
  from space 12800K, 75% used [0x00000000ddb00000,0x00000000de462090,0x00000000de780000)
  to   space 12800K, 0% used [0x00000000dfc00000,0x00000000dfc00000,0x00000000e0880000)
 ParOldGen       total 71168K, used 14318K [0x0000000081e00000, 0x0000000086380000, 0x00000000d5f80000)
  object space 71168K, 20% used [0x0000000081e00000,0x0000000082bfbb48,0x0000000086380000)
 Metaspace       used 30036K, capacity 30272K, committed 30464K, reserved 1075200K
  class space    used 3760K, capacity 3813K, committed 3840K, reserved 1048576K
}
Event: 4.130 GC heap before
{Heap before GC invocations=9 (full 1):
 PSYoungGen      total 139264K, used 41610K [0x00000000d5f80000, 0x00000000e0880000, 0x0000000100000000)
  eden space 126464K, 25% used [0x00000000d5f80000,0x00000000d7ec0988,0x00000000ddb00000)
  from space 12800K, 75% used [0x00000000ddb00000,0x00000000de462090,0x00000000de780000)
  to   space 12800K, 0% used [0x00000000dfc00000,0x00000000dfc00000,0x00000000e0880000)
 ParOldGen       total 71168K, used 14318K [0x0000000081e00000, 0x0000000086380000, 0x00000000d5f80000)
  object space 71168K, 20% used [0x0000000081e00000,0x0000000082bfbb48,0x0000000086380000)
 Metaspace       used 35120K, capacity 35362K, committed 35496K, reserved 1081344K
  class space    used 4388K, capacity 4484K, committed 4520K, reserved 1048576K
Event: 4.139 GC heap after
Heap after GC invocations=9 (full 1):
 PSYoungGen      total 159744K, used 10007K [0x00000000d5f80000, 0x00000000e2e00000, 0x0000000100000000)
  eden space 146944K, 0% used [0x00000000d5f80000,0x00000000d5f80000,0x00000000def00000)
  from space 12800K, 78% used [0x00000000dfc00000,0x00000000e05c5d50,0x00000000e0880000)
  to   space 13312K, 0% used [0x00000000def00000,0x00000000def00000,0x00000000dfc00000)
 ParOldGen       total 71168K, used 14326K [0x0000000081e00000, 0x0000000086380000, 0x00000000d5f80000)
  object space 71168K, 20% used [0x0000000081e00000,0x0000000082bfdb48,0x0000000086380000)
 Metaspace       used 35120K, capacity 35362K, committed 35496K, reserved 1081344K
  class space    used 4388K, capacity 4484K, committed 4520K, reserved 1048576K
}
Event: 4.139 GC heap before
{Heap before GC invocations=10 (full 2):
 PSYoungGen      total 159744K, used 10007K [0x00000000d5f80000, 0x00000000e2e00000, 0x0000000100000000)
  eden space 146944K, 0% used [0x00000000d5f80000,0x00000000d5f80000,0x00000000def00000)
  from space 12800K, 78% used [0x00000000dfc00000,0x00000000e05c5d50,0x00000000e0880000)
  to   space 13312K, 0% used [0x00000000def00000,0x00000000def00000,0x00000000dfc00000)
 ParOldGen       total 71168K, used 14326K [0x0000000081e00000, 0x0000000086380000, 0x00000000d5f80000)
  object space 71168K, 20% used [0x0000000081e00000,0x0000000082bfdb48,0x0000000086380000)
 Metaspace       used 35120K, capacity 35362K, committed 35496K, reserved 1081344K
  class space    used 4388K, capacity 4484K, committed 4520K, reserved 1048576K
Event: 4.195 GC heap after
Heap after GC invocations=10 (full 2):
 PSYoungGen      total 159744K, used 0K [0x00000000d5f80000, 0x00000000e2e00000, 0x0000000100000000)
  eden space 146944K, 0% used [0x00000000d5f80000,0x00000000d5f80000,0x00000000def00000)
  from space 12800K, 0% used [0x00000000dfc00000,0x00000000dfc00000,0x00000000e0880000)
  to   space 13312K, 0% used [0x00000000def00000,0x00000000def00000,0x00000000dfc00000)
 ParOldGen       total 102912K, used 18518K [0x0000000081e00000, 0x0000000088280000, 0x00000000d5f80000)
  object space 102912K, 17% used [0x0000000081e00000,0x0000000083015ac8,0x0000000088280000)
 Metaspace       used 35120K, capacity 35362K, committed 35496K, reserved 1081344K
  class space    used 4388K, capacity 4484K, committed 4520K, reserved 1048576K
}
Event: 5.837 GC heap before
{Heap before GC invocations=11 (full 2):
 PSYoungGen      total 159744K, used 146944K [0x00000000d5f80000, 0x00000000e2e00000, 0x0000000100000000)
  eden space 146944K, 100% used [0x00000000d5f80000,0x00000000def00000,0x00000000def00000)
  from space 12800K, 0% used [0x00000000dfc00000,0x00000000dfc00000,0x00000000e0880000)
  to   space 13312K, 0% used [0x00000000def00000,0x00000000def00000,0x00000000dfc00000)
 ParOldGen       total 102912K, used 18518K [0x0000000081e00000, 0x0000000088280000, 0x00000000d5f80000)
  object space 102912K, 17% used [0x0000000081e00000,0x0000000083015ac8,0x0000000088280000)
 Metaspace       used 45544K, capacity 45880K, committed 46376K, reserved 1089536K
  class space    used 5712K, capacity 5811K, committed 5928K, reserved 1048576K
Event: 5.851 GC heap after
Heap after GC invocations=11 (full 2):
 PSYoungGen      total 160256K, used 13286K [0x00000000d5f80000, 0x00000000e3100000, 0x0000000100000000)
  eden space 146944K, 0% used [0x00000000d5f80000,0x00000000d5f80000,0x00000000def00000)
  from space 13312K, 99% used [0x00000000def00000,0x00000000dfbf99c0,0x00000000dfc00000)
  to   space 15872K, 0% used [0x00000000e2180000,0x00000000e2180000,0x00000000e3100000)
 ParOldGen       total 102912K, used 21647K [0x0000000081e00000, 0x0000000088280000, 0x00000000d5f80000)
  object space 102912K, 21% used [0x0000000081e00000,0x0000000083323e80,0x0000000088280000)
 Metaspace       used 45544K, capacity 45880K, committed 46376K, reserved 1089536K
  class space    used 5712K, capacity 5811K, committed 5928K, reserved 1048576K
}

